<?xml version="1.0" encoding="UTF-8"?>
<!-- Generated by org.testng.reporters.JUnitXMLReporter -->
<testsuite ignored="1" hostname="DESKTOP-ELHLD27" failures="0" tests="4" name="Default test" time="11.682" errors="0" timestamp="2023-09-09T22:11:57 IST">
  <testcase classname="driverTest.DriveTest" name="search" time="1.437"/>
  <testcase classname="driverTest.DriveTest" name="resultItems" time="4.543"/>
  <testcase classname="driverTest.DriveTest" name="pickedItem" time="2.56"/>
  <testcase classname="driverTest.DriveTest" name="addCart" time="2.973"/>
  <testcase classname="driverTest.DriveTest" name="cart" time="0.0">
    <ignored/>
  </testcase> <!-- cart -->
</testsuite> <!-- Default test -->
