<?xml version="1.0" encoding="UTF-8"?>
<testng-results ignored="1" total="5" passed="4" failed="0" skipped="0">
  <reporter-output>
    <line>
      <![CDATA[1.ASIAN - MOONWALK-01 Black Men's Sports Running Shoes 
======> Price Rs. 519]]>
    </line>
    <line>
      <![CDATA[2.JQR - PREMIUM Mustard Men's Sports Running Shoes 
======> Price Rs. 1,499]]>
    </line>
    <line>
      <![CDATA[3.Campus ROYCE-2 Black Men's Sports Running Shoes 
======> Price Rs. 749]]>
    </line>
    <line>
      <![CDATA[4.ASIAN - THAR-01 Black Men's Sports Running Shoes 
======> Price Rs. 625]]>
    </line>
    <line>
      <![CDATA[5.Campus RODEO PRO Blue Running Shoes 
======> Price Rs. 799]]>
    </line>
    <line>
      <![CDATA[6.ASIAN - EVEREST-01 Black Men's Sports Running Shoes 
======> Price Rs. 975]]>
    </line>
    <line>
      <![CDATA[7.ASIAN - CHROME-01 White Men's Sports Running Shoes 
======> Price Rs. 1,075]]>
    </line>
    <line>
      <![CDATA[8.Campus HASHBRO White Running Shoes 
======> Price Rs. 849]]>
    </line>
    <line>
      <![CDATA[9.ASIAN Red Men's Sports Running Shoes 
======> Price Rs. 825]]>
    </line>
    <line>
      <![CDATA[10.Campus RODEO PRO Gray Running Shoes 
======> Price Rs. 725]]>
    </line>
    <line>
      <![CDATA[11.Columbus - FUSE Sports Shoes Blue Men's Sports Running Shoes 
======> Price Rs. 1,649]]>
    </line>
    <line>
      <![CDATA[12.ASIAN - WATERPROOF-03 Navy Men's Sports Running Shoes 
======> Price Rs. 625]]>
    </line>
    <line>
      <![CDATA[13.Action - Navy Men's Sports Running Shoes 
======> Price Rs. 1,649]]>
    </line>
    <line>
      <![CDATA[14.Campus OMAX White Running Shoes 
======> Price Rs. 1,149]]>
    </line>
    <line>
      <![CDATA[15.Action Navy Men's Sports Running Shoes 
======> Price Rs. 1,025]]>
    </line>
    <line>
      <![CDATA[16.Campus EXPLORE White Men's Sports Running Shoes 
======> Price Rs. 1,299]]>
    </line>
    <line>
      <![CDATA[17.Aadi Men's Sports Running Shoes White 
======> Price Rs. 512]]>
    </line>
    <line>
      <![CDATA[18.Action - White Men's Sports Running Shoes 
======> Price Rs. 1,025]]>
    </line>
    <line>
      <![CDATA[19.Campus SENSOR White Running Shoes 
======> Price Rs. 1,149]]>
    </line>
    <line>
      <![CDATA[20.ASIAN - EXPRESS-08N Gray Men's Sports Running Shoes 
======> Price Rs. 699]]>
    </line>
    <line>
      <![CDATA[Expected Search string is not matched with actual string:: laptop bag  We've got 10000+ results for sport shoe for men]]>
    </line>
    <line>
      <![CDATA[clicked item verified:: ASIAN - MOONWALK-01 Black Men's Sports Running Shoes====>ASIAN - MOONWALK-01 Black Men's Sports Running Shoes]]>
    </line>
  </reporter-output>
  <suite started-at="2023-09-09T22:11:46 IST" name="Default suite" finished-at="2023-09-09T22:11:57 IST" duration-ms="11682">
    <groups>
    </groups>
    <test started-at="2023-09-09T22:11:46 IST" name="Default test" finished-at="2023-09-09T22:11:57 IST" duration-ms="11682">
      <class name="driverTest.DriveTest">
        <test-method is-config="true" signature="setUp()[pri:0, instance:driverTest.DriveTest@23f5b5dc]" started-at="2023-09-09T22:11:39 IST" name="setUp" finished-at="2023-09-09T22:11:46 IST" duration-ms="6899" status="PASS">
          <reporter-output>
          </reporter-output>
        </test-method> <!-- setUp -->
        <test-method signature="search()[pri:0, instance:driverTest.DriveTest@23f5b5dc]" started-at="2023-09-09T22:11:46 IST" name="search" finished-at="2023-09-09T22:11:47 IST" duration-ms="1437" status="PASS">
          <reporter-output>
          </reporter-output>
        </test-method> <!-- search -->
        <test-method signature="resultItems()[pri:1, instance:driverTest.DriveTest@23f5b5dc]" started-at="2023-09-09T22:11:47 IST" name="resultItems" finished-at="2023-09-09T22:11:52 IST" duration-ms="4543" status="PASS">
          <reporter-output>
            <line>
              <![CDATA[1.ASIAN - MOONWALK-01 Black Men's Sports Running Shoes 
======> Price Rs. 519]]>
            </line>
            <line>
              <![CDATA[2.JQR - PREMIUM Mustard Men's Sports Running Shoes 
======> Price Rs. 1,499]]>
            </line>
            <line>
              <![CDATA[3.Campus ROYCE-2 Black Men's Sports Running Shoes 
======> Price Rs. 749]]>
            </line>
            <line>
              <![CDATA[4.ASIAN - THAR-01 Black Men's Sports Running Shoes 
======> Price Rs. 625]]>
            </line>
            <line>
              <![CDATA[5.Campus RODEO PRO Blue Running Shoes 
======> Price Rs. 799]]>
            </line>
            <line>
              <![CDATA[6.ASIAN - EVEREST-01 Black Men's Sports Running Shoes 
======> Price Rs. 975]]>
            </line>
            <line>
              <![CDATA[7.ASIAN - CHROME-01 White Men's Sports Running Shoes 
======> Price Rs. 1,075]]>
            </line>
            <line>
              <![CDATA[8.Campus HASHBRO White Running Shoes 
======> Price Rs. 849]]>
            </line>
            <line>
              <![CDATA[9.ASIAN Red Men's Sports Running Shoes 
======> Price Rs. 825]]>
            </line>
            <line>
              <![CDATA[10.Campus RODEO PRO Gray Running Shoes 
======> Price Rs. 725]]>
            </line>
            <line>
              <![CDATA[11.Columbus - FUSE Sports Shoes Blue Men's Sports Running Shoes 
======> Price Rs. 1,649]]>
            </line>
            <line>
              <![CDATA[12.ASIAN - WATERPROOF-03 Navy Men's Sports Running Shoes 
======> Price Rs. 625]]>
            </line>
            <line>
              <![CDATA[13.Action - Navy Men's Sports Running Shoes 
======> Price Rs. 1,649]]>
            </line>
            <line>
              <![CDATA[14.Campus OMAX White Running Shoes 
======> Price Rs. 1,149]]>
            </line>
            <line>
              <![CDATA[15.Action Navy Men's Sports Running Shoes 
======> Price Rs. 1,025]]>
            </line>
            <line>
              <![CDATA[16.Campus EXPLORE White Men's Sports Running Shoes 
======> Price Rs. 1,299]]>
            </line>
            <line>
              <![CDATA[17.Aadi Men's Sports Running Shoes White 
======> Price Rs. 512]]>
            </line>
            <line>
              <![CDATA[18.Action - White Men's Sports Running Shoes 
======> Price Rs. 1,025]]>
            </line>
            <line>
              <![CDATA[19.Campus SENSOR White Running Shoes 
======> Price Rs. 1,149]]>
            </line>
            <line>
              <![CDATA[20.ASIAN - EXPRESS-08N Gray Men's Sports Running Shoes 
======> Price Rs. 699]]>
            </line>
            <line>
              <![CDATA[Expected Search string is not matched with actual string:: laptop bag  We've got 10000+ results for sport shoe for men]]>
            </line>
          </reporter-output>
        </test-method> <!-- resultItems -->
        <test-method signature="pickedItem()[pri:2, instance:driverTest.DriveTest@23f5b5dc]" started-at="2023-09-09T22:11:52 IST" name="pickedItem" finished-at="2023-09-09T22:11:54 IST" duration-ms="2560" status="PASS">
          <reporter-output>
            <line>
              <![CDATA[clicked item verified:: ASIAN - MOONWALK-01 Black Men's Sports Running Shoes====>ASIAN - MOONWALK-01 Black Men's Sports Running Shoes]]>
            </line>
          </reporter-output>
        </test-method> <!-- pickedItem -->
        <test-method signature="addCart()[pri:3, instance:driverTest.DriveTest@23f5b5dc]" started-at="2023-09-09T22:11:54 IST" name="addCart" finished-at="2023-09-09T22:11:57 IST" duration-ms="2973" status="PASS">
          <reporter-output>
          </reporter-output>
        </test-method> <!-- addCart -->
        <test-method is-config="true" signature="tearDown()[pri:0, instance:driverTest.DriveTest@23f5b5dc]" started-at="2023-09-09T22:11:57 IST" name="tearDown" finished-at="2023-09-09T22:11:58 IST" duration-ms="292" status="PASS">
          <reporter-output>
          </reporter-output>
        </test-method> <!-- tearDown -->
      </class> <!-- driverTest.DriveTest -->
    </test> <!-- Default test -->
  </suite> <!-- Default suite -->
</testng-results>
